2022-05-18 20:20:16 INFO  com.practice.BaseLogin (BaseLogin.java:41) - WebDriver Loaded
2022-05-18 20:20:16 INFO  com.practice.BaseLogin (BaseLogin.java:46) - Loading supplied web address
2022-05-18 20:20:18 INFO  com.practice.BaseLogin (BaseLogin.java:48) - Click SignIn to go to SignIn page
2022-05-18 20:20:20 INFO  com.practice.BaseLogin (BaseLogin.java:50) - fill up username
2022-05-18 20:20:20 INFO  com.practice.BaseLogin (BaseLogin.java:52) - fill up password
2022-05-18 20:20:27 INFO  com.practice.BaseLogin (BaseLogin.java:56) - click SignIn button
2022-05-18 20:28:23 INFO  com.practice.BaseLogin (BaseLogin.java:41) - WebDriver Loaded
2022-05-18 20:28:23 INFO  com.practice.BaseLogin (BaseLogin.java:46) - Loading supplied web address
2022-05-18 20:28:25 INFO  com.practice.BaseLogin (BaseLogin.java:48) - Click SignIn to go to SignIn page
2022-05-18 20:28:32 INFO  com.practice.BaseLogin (BaseLogin.java:50) - fill up username
2022-05-18 20:28:32 INFO  com.practice.BaseLogin (BaseLogin.java:52) - fill up password
2022-05-18 20:28:39 INFO  com.practice.BaseLogin (BaseLogin.java:56) - click SignIn button
2022-05-18 20:58:18 INFO  com.practice.BaseLogin (BaseLogin.java:41) - WebDriver Loaded
2022-05-18 20:58:18 INFO  com.practice.BaseLogin (BaseLogin.java:46) - Loading supplied web address
2022-05-18 20:58:20 INFO  com.practice.BaseLogin (BaseLogin.java:48) - Click SignIn to go to SignIn page
2022-05-18 20:58:25 INFO  com.practice.BaseLogin (BaseLogin.java:50) - fill up username
2022-05-18 20:58:25 INFO  com.practice.BaseLogin (BaseLogin.java:52) - fill up password
2022-05-18 20:58:32 INFO  com.practice.BaseLogin (BaseLogin.java:56) - click SignIn button
2022-05-18 21:00:02 INFO  com.practice.BaseLogin (BaseLogin.java:41) - WebDriver Loaded
2022-05-18 21:00:02 INFO  com.practice.BaseLogin (BaseLogin.java:46) - Loading supplied web address
2022-05-18 21:00:07 INFO  com.practice.BaseLogin (BaseLogin.java:48) - Click SignIn to go to SignIn page
2022-05-18 21:00:08 INFO  com.practice.BaseLogin (BaseLogin.java:50) - fill up username
2022-05-18 21:00:08 INFO  com.practice.BaseLogin (BaseLogin.java:52) - fill up password
2022-05-18 21:00:15 INFO  com.practice.BaseLogin (BaseLogin.java:56) - click SignIn button
